生成启动时间为 2017/8/31 14:09:02。
     1>项目“E:\Source_Files\VS_Files\26_Camera_calibration_opencv\Camera_calibration\Camera_calibration\Camera_calibration.vcxproj”在节点 2 上(build 个目标)。
     1>InitializeBuildStatus:
         正在创建“Debug\Camera_calibration.unsuccessfulbuild”，因为已指定“AlwaysCreate”。
       ClCompile:
         D:\Program Files (x86)\Microsoft Visual Studio 10.0\VC\bin\CL.exe /c /ZI /nologo /W3 /WX- /Od /Oy- /D WIN32 /D _DEBUG /D _CONSOLE /D _UNICODE /D UNICODE /Gm /EHsc /RTC1 /MDd /GS /fp:precise /Zc:wchar_t /Zc:forScope /Fo"Debug\\" /Fd"Debug\vc100.pdb" /Gd /TP /analyze- /errorReport:prompt camera_calibration.cpp
         camera_calibration.cpp
     1>e:\source_files\vs_files\26_camera_calibration_opencv\camera_calibration\camera_calibration\camera_calibration.cpp(469): warning C4996: 'localtime': This function or variable may be unsafe. Consider using localtime_s instead. To disable deprecation, use _CRT_SECURE_NO_WARNINGS. See online help for details.
                 d:\program files (x86)\microsoft visual studio 10.0\vc\include\time.inl(112) : 参见“localtime”的声明
     1>e:\source_files\vs_files\26_camera_calibration_opencv\camera_calibration\camera_calibration\camera_calibration.cpp(492): warning C4996: 'sprintf': This function or variable may be unsafe. Consider using sprintf_s instead. To disable deprecation, use _CRT_SECURE_NO_WARNINGS. See online help for details.
                 d:\program files (x86)\microsoft visual studio 10.0\vc\include\stdio.h(371) : 参见“sprintf”的声明
       ManifestResourceCompile:
         所有输出均为最新。
       Link:
         D:\Program Files (x86)\Microsoft Visual Studio 10.0\VC\bin\link.exe /ERRORREPORT:PROMPT /OUT:"E:\Source_Files\VS_Files\26_Camera_calibration_opencv\Camera_calibration\Debug\Camera_calibration.exe" /INCREMENTAL /NOLOGO opencv_core246d.lib opencv_imgproc246d.lib opencv_highgui246d.lib opencv_ml246d.lib opencv_video246d.lib opencv_features2d246d.lib opencv_calib3d246d.lib opencv_objdetect246d.lib opencv_contrib246d.lib opencv_legacy246d.lib opencv_flann246d.lib opencv_core246.lib opencv_imgproc246.lib opencv_highgui246.lib opencv_ml246.lib opencv_video246.lib opencv_features2d246.lib opencv_calib3d246.lib opencv_objdetect246.lib opencv_contrib246.lib opencv_legacy246.lib opencv_flann246.lib kernel32.lib user32.lib gdi32.lib winspool.lib comdlg32.lib advapi32.lib shell32.lib ole32.lib oleaut32.lib uuid.lib odbc32.lib odbccp32.lib /MANIFEST /ManifestFile:"Debug\Camera_calibration.exe.intermediate.manifest" /MANIFESTUAC:"level='asInvoker' uiAccess='false'" /DEBUG /PDB:"E:\Source_Files\VS_Files\26_Camera_calibration_opencv\Camera_calibration\Debug\Camera_calibration.pdb" /SUBSYSTEM:CONSOLE /TLBID:1 /DYNAMICBASE /NXCOMPAT /IMPLIB:"E:\Source_Files\VS_Files\26_Camera_calibration_opencv\Camera_calibration\Debug\Camera_calibration.lib" /MACHINE:X86 Debug\Camera_calibration.exe.embed.manifest.res
         Debug\camera_calibration.obj
       Manifest:
         c:\Program Files (x86)\Microsoft SDKs\Windows\v7.0A\bin\mt.exe /nologo /verbose /out:"Debug\Camera_calibration.exe.embed.manifest" /manifest Debug\Camera_calibration.exe.intermediate.manifest
         所有输出均为最新。
       LinkEmbedManifest:
         所有输出均为最新。
         Camera_calibration.vcxproj -> E:\Source_Files\VS_Files\26_Camera_calibration_opencv\Camera_calibration\Debug\Camera_calibration.exe
       FinalizeBuildStatus:
         正在删除文件“Debug\Camera_calibration.unsuccessfulbuild”。
         正在对“Debug\Camera_calibration.lastbuildstate”执行 Touch 任务。
     1>已完成生成项目“E:\Source_Files\VS_Files\26_Camera_calibration_opencv\Camera_calibration\Camera_calibration\Camera_calibration.vcxproj”(build 个目标)的操作。

生成成功。

已用时间 00:00:01.22
