E:\SOURCE_FILES\VS_FILES\26_CAMERA_CALIBRATION_OPENCV\CAMERA_CALIBRATION\CAMERA_CALIBRATION\DEBUG\CAMERA_CALIBRATION.EXE.EMBED.MANIFEST
E:\SOURCE_FILES\VS_FILES\26_CAMERA_CALIBRATION_OPENCV\CAMERA_CALIBRATION\CAMERA_CALIBRATION\DEBUG\CAMERA_CALIBRATION.EXE.EMBED.MANIFEST.RES
E:\SOURCE_FILES\VS_FILES\26_CAMERA_CALIBRATION_OPENCV\CAMERA_CALIBRATION\CAMERA_CALIBRATION\DEBUG\CAMERA_CALIBRATION.EXE.INTERMEDIATE.MANIFEST
E:\SOURCE_FILES\VS_FILES\26_CAMERA_CALIBRATION_OPENCV\CAMERA_CALIBRATION\CAMERA_CALIBRATION\DEBUG\CAMERA_CALIBRATION.OBJ
E:\Source_Files\VS_Files\26_Camera_calibration_opencv\Camera_calibration\Camera_calibration\Debug\Camera_calibration.vcxprojResolveAssemblyReference.cache
E:\Source_Files\VS_Files\26_Camera_calibration_opencv\Camera_calibration\Camera_calibration\Debug\Camera_calibration.write.1.tlog
E:\Source_Files\VS_Files\26_Camera_calibration_opencv\Camera_calibration\Camera_calibration\Debug\Camera_calibration_manifest.rc
E:\Source_Files\VS_Files\26_Camera_calibration_opencv\Camera_calibration\Camera_calibration\Debug\cl.command.1.tlog
E:\Source_Files\VS_Files\26_Camera_calibration_opencv\Camera_calibration\Camera_calibration\Debug\CL.read.1.tlog
E:\Source_Files\VS_Files\26_Camera_calibration_opencv\Camera_calibration\Camera_calibration\Debug\CL.write.1.tlog
E:\Source_Files\VS_Files\26_Camera_calibration_opencv\Camera_calibration\Camera_calibration\Debug\link.12760.read.1.tlog
E:\Source_Files\VS_Files\26_Camera_calibration_opencv\Camera_calibration\Camera_calibration\Debug\link.12760.write.1.tlog
E:\Source_Files\VS_Files\26_Camera_calibration_opencv\Camera_calibration\Camera_calibration\Debug\link.12760-cvtres.read.1.tlog
E:\Source_Files\VS_Files\26_Camera_calibration_opencv\Camera_calibration\Camera_calibration\Debug\link.12760-cvtres.write.1.tlog
E:\Source_Files\VS_Files\26_Camera_calibration_opencv\Camera_calibration\Camera_calibration\Debug\link.command.1.tlog
E:\Source_Files\VS_Files\26_Camera_calibration_opencv\Camera_calibration\Camera_calibration\Debug\link.read.1.tlog
E:\Source_Files\VS_Files\26_Camera_calibration_opencv\Camera_calibration\Camera_calibration\Debug\link.write.1.tlog
E:\Source_Files\VS_Files\26_Camera_calibration_opencv\Camera_calibration\Camera_calibration\Debug\link-cvtres.read.1.tlog
E:\Source_Files\VS_Files\26_Camera_calibration_opencv\Camera_calibration\Camera_calibration\Debug\link-cvtres.write.1.tlog
E:\Source_Files\VS_Files\26_Camera_calibration_opencv\Camera_calibration\Camera_calibration\Debug\mt.command.1.tlog
E:\Source_Files\VS_Files\26_Camera_calibration_opencv\Camera_calibration\Camera_calibration\Debug\mt.read.1.tlog
E:\Source_Files\VS_Files\26_Camera_calibration_opencv\Camera_calibration\Camera_calibration\Debug\mt.write.1.tlog
E:\Source_Files\VS_Files\26_Camera_calibration_opencv\Camera_calibration\Camera_calibration\Debug\rc.command.1.tlog
E:\Source_Files\VS_Files\26_Camera_calibration_opencv\Camera_calibration\Camera_calibration\Debug\rc.read.1.tlog
E:\Source_Files\VS_Files\26_Camera_calibration_opencv\Camera_calibration\Camera_calibration\Debug\rc.write.1.tlog
E:\Source_Files\VS_Files\26_Camera_calibration_opencv\Camera_calibration\Camera_calibration\Debug\vc100.idb
E:\SOURCE_FILES\VS_FILES\26_CAMERA_CALIBRATION_OPENCV\CAMERA_CALIBRATION\CAMERA_CALIBRATION\DEBUG\VC100.PDB
E:\SOURCE_FILES\VS_FILES\26_CAMERA_CALIBRATION_OPENCV\CAMERA_CALIBRATION\DEBUG\CAMERA_CALIBRATION.EXE
E:\SOURCE_FILES\VS_FILES\26_CAMERA_CALIBRATION_OPENCV\CAMERA_CALIBRATION\DEBUG\CAMERA_CALIBRATION.ILK
E:\SOURCE_FILES\VS_FILES\26_CAMERA_CALIBRATION_OPENCV\CAMERA_CALIBRATION\DEBUG\CAMERA_CALIBRATION.PDB
